生成启动时间为 2017/1/17 17:30:06。
     1>项目“E:\WorkSpace\Personal\Learn\cpp\stl_learn\CPPBasic\CPPBasic.vcxproj”在节点 2 上(Build 个目标)。
     1>ClCompile:
         D:\Program Files (x86)\Microsoft Visual Studio 14.0\VC\bin\CL.exe /c /Zi /nologo /W3 /WX- /sdl /O2 /Oi /Oy- /GL /D WIN32 /D NDEBUG /D _CONSOLE /D _UNICODE /D UNICODE /Gm- /EHsc /MD /GS /Gy /fp:precise /Zc:wchar_t /Zc:forScope /Zc:inline /Yu"stdafx.h" /Fp"Release\CPPBasic.pch" /Fo"Release\\" /Fd"Release\vc140.pdb" /Gd /TP /analyze- /errorReport:prompt CPPBasic.cpp
         CPPBasic.cpp
     1>CPPBasic.cpp(17): error C2065: “T”: 未声明的标识符
     1>CPPBasic.cpp(17): error C2146: 语法错误: 缺少“)”(在标识符“t”的前面)
     1>CPPBasic.cpp(29): error C3861: “UseAutoMultiply”: 找不到标识符
     1>已完成生成项目“E:\WorkSpace\Personal\Learn\cpp\stl_learn\CPPBasic\CPPBasic.vcxproj”(Build 个目标)的操作 - 失败。

生成失败。

已用时间 00:00:00.59
